<?xml version="1.0" encoding="UTF-8"?>
<testsuite name="calculator.FooTest" tests="1" skipped="0" failures="0" errors="0" timestamp="2020-02-15T10:24:22" hostname="bagchan-in-ui-MacBookPro.local" time="0.038">
  <properties/>
  <testcase name="name()" classname="calculator.FooTest" time="0.038"/>
  <system-out><![CDATA[]]></system-out>
  <system-err><![CDATA[]]></system-err>
</testsuite>
